----------
1. WARNING in C:\Documents and Settings\AWilliams\Projects\Rubeclipse\workspace\org.rubypeople.rdt.ui\src\org\rubypeople\rdt\internal\ui\rubyeditor\RubyDocumentProvider.java (at line 27)
	protected RuleBasedPartitioner createRubyPartitioner() {
	          ^^^^^^^^^^^^^^^^^^^^
The type org.eclipse.jface.text.rules.RuleBasedPartitioner is deprecated
----------
----------
2. WARNING in C:\Documents and Settings\AWilliams\Projects\Rubeclipse\workspace\org.rubypeople.rdt.ui\src\org\rubypeople\rdt\internal\ui\rubyeditor\RubyDocumentProvider.java (at line 28)
	return new RuleBasedPartitioner(getRubyPartitionScanner(), TYPES);
	       ^^^^^^^^^^^^^^^^^^^^^^^^^^^^^^^^^^^^^^^^^^^^^^^^^^^^^^^^^^
The constructor org.eclipse.jface.text.rules.RuleBasedPartitioner(org.eclipse.jface.text.rules.RuleBasedScanner, java.lang.String[]) is deprecated
----------
----------
3. WARNING in C:\Documents and Settings\AWilliams\Projects\Rubeclipse\workspace\org.rubypeople.rdt.ui\src\org\rubypeople\rdt\internal\ui\rubyeditor\RubyDocumentProvider.java (at line 28)
	return new RuleBasedPartitioner(getRubyPartitionScanner(), TYPES);
	           ^^^^^^^^^^^^^^^^^^^^
The type org.eclipse.jface.text.rules.RuleBasedPartitioner is deprecated
----------
----------
4. WARNING in C:\Documents and Settings\AWilliams\Projects\Rubeclipse\workspace\org.rubypeople.rdt.ui\src\org\rubypeople\rdt\internal\ui\rubyeditor\RubySourceViewerConfiguration.java (at line 35)
	RuleBasedDamagerRepairer dr = new RuleBasedDamagerRepairer(RubyEditorEnvironment.getRubyCodeScanner());
	^^^^^^^^^^^^^^^^^^^^^^^^
The type org.eclipse.jface.text.rules.RuleBasedDamagerRepairer is deprecated
----------
----------
5. WARNING in C:\Documents and Settings\AWilliams\Projects\Rubeclipse\workspace\org.rubypeople.rdt.ui\src\org\rubypeople\rdt\internal\ui\rubyeditor\RubySourceViewerConfiguration.java (at line 35)
	RuleBasedDamagerRepairer dr = new RuleBasedDamagerRepairer(RubyEditorEnvironment.getRubyCodeScanner());
	                              ^^^^^^^^^^^^^^^^^^^^^^^^^^^^^^^^^^^^^^^^^^^^^^^^^^^^^^^^^^^^^^^^^^^^^^^^
The constructor org.eclipse.jface.text.rules.RuleBasedDamagerRepairer(org.eclipse.jface.text.rules.RuleBasedScanner) is deprecated
----------
----------
6. WARNING in C:\Documents and Settings\AWilliams\Projects\Rubeclipse\workspace\org.rubypeople.rdt.ui\src\org\rubypeople\rdt\internal\ui\rubyeditor\RubySourceViewerConfiguration.java (at line 35)
	RuleBasedDamagerRepairer dr = new RuleBasedDamagerRepairer(RubyEditorEnvironment.getRubyCodeScanner());
	                                  ^^^^^^^^^^^^^^^^^^^^^^^^
The type org.eclipse.jface.text.rules.RuleBasedDamagerRepairer is deprecated
----------
----------
7. WARNING in C:\Documents and Settings\AWilliams\Projects\Rubeclipse\workspace\org.rubypeople.rdt.ui\src\org\rubypeople\rdt\internal\ui\rubyeditor\RubySourceViewerConfiguration.java (at line 39)
	dr = new RuleBasedDamagerRepairer(RubyEditorEnvironment.getRubyPartitionScanner());
	     ^^^^^^^^^^^^^^^^^^^^^^^^^^^^^^^^^^^^^^^^^^^^^^^^^^^^^^^^^^^^^^^^^^^^^^^^^^^^^
The constructor org.eclipse.jface.text.rules.RuleBasedDamagerRepairer(org.eclipse.jface.text.rules.RuleBasedScanner) is deprecated
----------
----------
8. WARNING in C:\Documents and Settings\AWilliams\Projects\Rubeclipse\workspace\org.rubypeople.rdt.ui\src\org\rubypeople\rdt\internal\ui\rubyeditor\RubySourceViewerConfiguration.java (at line 39)
	dr = new RuleBasedDamagerRepairer(RubyEditorEnvironment.getRubyPartitionScanner());
	         ^^^^^^^^^^^^^^^^^^^^^^^^
The type org.eclipse.jface.text.rules.RuleBasedDamagerRepairer is deprecated
----------
Compiled 3830 lines in 9683 ms (395.5 lines/s)
8 problems (8 warnings)
62 .class files generated